# JRE version: OpenJDK Runtime Environment Zulu17.40+19-CA (17.0.6+10) (build 17.0.6+10-LTS)
# Java VM: OpenJDK Client VM Zulu17.40+19-CA (17.0.6+10-LTS, mixed mode, emulated-client, serial gc, windows-x86)
GC Precious Log:
 CPUs: 4 total, 4 available
 Memory: 3962M
 Large Page Support: Disabled
 NUMA Support: Disabled
 Compressed Oops: Disabled
 Heap Min Capacity: 6M
 Heap Initial Capacity: 16M
 Heap Max Capacity: 256M
 Pre-touch: Disabled
Heap:
 def new generation   total 12160K, used 9380K [0x05800000, 0x06530000, 0x0ad50000)
  eden space 10816K,  81% used [0x05800000, 0x060a8f40, 0x06290000)
  from space 1344K,  38% used [0x063e0000, 0x06460468, 0x06530000)
  to   space 1344K,   0% used [0x06290000, 0x06290000, 0x063e0000)
 tenured generation   total 26888K, used 18267K [0x0ad50000, 0x0c792000, 0x15800000)
   the space 26888K,  67% used [0x0ad50000, 0x0bf26e90, 0x0bf27000, 0x0c792000)
 Metaspace       used 35233K, committed 35456K, reserved 40960K
GC Heap History (20 events):
Event: 6.800 GC heap before
{Heap before GC invocations=25 (full 1):
 def new generation   total 7104K, used 7104K [0x05800000, 0x05fb0000, 0x0ad50000)
  eden space 6336K, 100% used [0x05800000, 0x05e30000, 0x05e30000)
  from space 768K, 100% used [0x05ef0000, 0x05fb0000, 0x05fb0000)
  to   space 768K,   0% used [0x05e30000, 0x05e30000, 0x05ef0000)
 tenured generation   total 15620K, used 12707K [0x0ad50000, 0x0bc91000, 0x15800000)
   the space 15620K,  81% used [0x0ad50000, 0x0b9b8c20, 0x0b9b8e00, 0x0bc91000)
 Metaspace       used 22740K, committed 22976K, reserved 24576K
}
Event: 6.810 GC heap after
{Heap after GC invocations=26 (full 1):
 def new generation   total 7104K, used 638K [0x05800000, 0x05fb0000, 0x0ad50000)
  eden space 6336K,   0% used [0x05800000, 0x05800000, 0x05e30000)
  from space 768K,  83% used [0x05e30000, 0x05ecfb60, 0x05ef0000)
  to   space 768K,   0% used [0x05ef0000, 0x05ef0000, 0x05fb0000)
 tenured generation   total 15620K, used 13420K [0x0ad50000, 0x0bc91000, 0x15800000)
   the space 15620K,  85% used [0x0ad50000, 0x0ba6b0b8, 0x0ba6b200, 0x0bc91000)
 Metaspace       used 22740K, committed 22976K, reserved 24576K
}
Event: 7.387 GC heap before
{Heap before GC invocations=26 (full 1):
 def new generation   total 7104K, used 6974K [0x05800000, 0x05fb0000, 0x0ad50000)
  eden space 6336K, 100% used [0x05800000, 0x05e30000, 0x05e30000)
  from space 768K,  83% used [0x05e30000, 0x05ecfb60, 0x05ef0000)
  to   space 768K,   0% used [0x05ef0000, 0x05ef0000, 0x05fb0000)
 tenured generation   total 15620K, used 13420K [0x0ad50000, 0x0bc91000, 0x15800000)
   the space 15620K,  85% used [0x0ad50000, 0x0ba6b0b8, 0x0ba6b200, 0x0bc91000)
 Metaspace       used 24015K, committed 24256K, reserved 24576K
}
Event: 7.394 GC heap after
{Heap after GC invocations=27 (full 1):
 def new generation   total 7104K, used 720K [0x05800000, 0x05fb0000, 0x0ad50000)
  eden space 6336K,   0% used [0x05800000, 0x05800000, 0x05e30000)
  from space 768K,  93% used [0x05ef0000, 0x05fa42c8, 0x05fb0000)
  to   space 768K,   0% used [0x05e30000, 0x05e30000, 0x05ef0000)
 tenured generation   total 15620K, used 14029K [0x0ad50000, 0x0bc91000, 0x15800000)
   the space 15620K,  89% used [0x0ad50000, 0x0bb03660, 0x0bb03800, 0x0bc91000)
 Metaspace       used 24015K, committed 24256K, reserved 24576K
}
Event: 7.728 GC heap before
{Heap before GC invocations=27 (full 1):
 def new generation   total 7104K, used 7056K [0x05800000, 0x05fb0000, 0x0ad50000)
  eden space 6336K, 100% used [0x05800000, 0x05e30000, 0x05e30000)
  from space 768K,  93% used [0x05ef0000, 0x05fa42c8, 0x05fb0000)
  to   space 768K,   0% used [0x05e30000, 0x05e30000, 0x05ef0000)
 tenured generation   total 15620K, used 14029K [0x0ad50000, 0x0bc91000, 0x15800000)
   the space 15620K,  89% used [0x0ad50000, 0x0bb03660, 0x0bb03800, 0x0bc91000)
 Metaspace       used 24756K, committed 25024K, reserved 32768K
}
Event: 7.738 GC heap after
{Heap after GC invocations=28 (full 1):
 def new generation   total 7104K, used 768K [0x05800000, 0x05fb0000, 0x0ad50000)
  eden space 6336K,   0% used [0x05800000, 0x05800000, 0x05e30000)
  from space 768K, 100% used [0x05e30000, 0x05ef0000, 0x05ef0000)
  to   space 768K,   0% used [0x05ef0000, 0x05ef0000, 0x05fb0000)
 tenured generation   total 15620K, used 14786K [0x0ad50000, 0x0bc91000, 0x15800000)
   the space 15620K,  94% used [0x0ad50000, 0x0bbc0aa0, 0x0bbc0c00, 0x0bc91000)
 Metaspace       used 24756K, committed 25024K, reserved 32768K
}
Event: 8.348 GC heap before
{Heap before GC invocations=28 (full 1):
 def new generation   total 7104K, used 7104K [0x05800000, 0x05fb0000, 0x0ad50000)
  eden space 6336K, 100% used [0x05800000, 0x05e30000, 0x05e30000)
  from space 768K, 100% used [0x05e30000, 0x05ef0000, 0x05ef0000)
  to   space 768K,   0% used [0x05ef0000, 0x05ef0000, 0x05fb0000)
 tenured generation   total 15620K, used 14786K [0x0ad50000, 0x0bc91000, 0x15800000)
   the space 15620K,  94% used [0x0ad50000, 0x0bbc0aa0, 0x0bbc0c00, 0x0bc91000)
 Metaspace       used 25239K, committed 25536K, reserved 32768K
}
Event: 8.354 GC heap after
{Heap after GC invocations=29 (full 1):
 def new generation   total 7104K, used 383K [0x05800000, 0x05fb0000, 0x0ad50000)
  eden space 6336K,   0% used [0x05800000, 0x05800000, 0x05e30000)
  from space 768K,  49% used [0x05ef0000, 0x05f4fe18, 0x05fb0000)
  to   space 768K,   0% used [0x05e30000, 0x05e30000, 0x05ef0000)
 tenured generation   total 15620K, used 15532K [0x0ad50000, 0x0bc91000, 0x15800000)
   the space 15620K,  99% used [0x0ad50000, 0x0bc7b1d0, 0x0bc7b200, 0x0bc91000)
 Metaspace       used 25239K, committed 25536K, reserved 32768K
}
Event: 8.597 GC heap before
{Heap before GC invocations=29 (full 1):
 def new generation   total 7104K, used 6719K [0x05800000, 0x05fb0000, 0x0ad50000)
  eden space 6336K, 100% used [0x05800000, 0x05e30000, 0x05e30000)
  from space 768K,  49% used [0x05ef0000, 0x05f4fe18, 0x05fb0000)
  to   space 768K,   0% used [0x05e30000, 0x05e30000, 0x05ef0000)
 tenured generation   total 15620K, used 15532K [0x0ad50000, 0x0bc91000, 0x15800000)
   the space 15620K,  99% used [0x0ad50000, 0x0bc7b1d0, 0x0bc7b200, 0x0bc91000)
 Metaspace       used 25783K, committed 26048K, reserved 32768K
}
Event: 8.603 GC heap after
{Heap after GC invocations=30 (full 1):
 def new generation   total 7104K, used 597K [0x05800000, 0x05fb0000, 0x0ad50000)
  eden space 6336K,   0% used [0x05800000, 0x05800000, 0x05e30000)
  from space 768K,  77% used [0x05e30000, 0x05ec5588, 0x05ef0000)
  to   space 768K,   0% used [0x05ef0000, 0x05ef0000, 0x05fb0000)
 tenured generation   total 15620K, used 15532K [0x0ad50000, 0x0bc91000, 0x15800000)
   the space 15620K,  99% used [0x0ad50000, 0x0bc7b1d0, 0x0bc7b200, 0x0bc91000)
 Metaspace       used 25783K, committed 26048K, reserved 32768K
}
Event: 8.899 GC heap before
{Heap before GC invocations=30 (full 1):
 def new generation   total 7104K, used 6920K [0x05800000, 0x05fb0000, 0x0ad50000)
  eden space 6336K,  99% used [0x05800000, 0x05e2cde8, 0x05e30000)
  from space 768K,  77% used [0x05e30000, 0x05ec5588, 0x05ef0000)
  to   space 768K,   0% used [0x05ef0000, 0x05ef0000, 0x05fb0000)
 tenured generation   total 15620K, used 15532K [0x0ad50000, 0x0bc91000, 0x15800000)
   the space 15620K,  99% used [0x0ad50000, 0x0bc7b1d0, 0x0bc7b200, 0x0bc91000)
 Metaspace       used 26956K, committed 27200K, reserved 32768K
}
Event: 8.907 GC heap after
{Heap after GC invocations=31 (full 1):
 def new generation   total 7104K, used 768K [0x05800000, 0x05fb0000, 0x0ad50000)
  eden space 6336K,   0% used [0x05800000, 0x05800000, 0x05e30000)
  from space 768K, 100% used [0x05ef0000, 0x05fb0000, 0x05fb0000)
  to   space 768K,   0% used [0x05e30000, 0x05e30000, 0x05ef0000)
 tenured generation   total 16132K, used 16037K [0x0ad50000, 0x0bd11000, 0x15800000)
   the space 16132K,  99% used [0x0ad50000, 0x0bcf9520, 0x0bcf9600, 0x0bd11000)
 Metaspace       used 26956K, committed 27200K, reserved 32768K
}
Event: 8.907 GC heap before
{Heap before GC invocations=31 (full 1):
 def new generation   total 7104K, used 768K [0x05800000, 0x05fb0000, 0x0ad50000)
  eden space 6336K,   0% used [0x05800000, 0x05800000, 0x05e30000)
  from space 768K, 100% used [0x05ef0000, 0x05fb0000, 0x05fb0000)
  to   space 768K,   0% used [0x05e30000, 0x05e30000, 0x05ef0000)
 tenured generation   total 16132K, used 16037K [0x0ad50000, 0x0bd11000, 0x15800000)
   the space 16132K,  99% used [0x0ad50000, 0x0bcf9520, 0x0bcf9600, 0x0bd11000)
 Metaspace       used 26956K, committed 27200K, reserved 32768K
}
Event: 8.974 GC heap after
{Heap after GC invocations=31 (full 2):
 def new generation   total 12160K, used 207K [0x05800000, 0x06530000, 0x0ad50000)
  eden space 10816K,   1% used [0x05800000, 0x05833f70, 0x06290000)
  from space 1344K,   0% used [0x06290000, 0x06290000, 0x063e0000)
  to   space 1344K,   0% used [0x063e0000, 0x063e0000, 0x06530000)
 tenured generation   total 26888K, used 16132K [0x0ad50000, 0x0c792000, 0x15800000)
   the space 26888K,  59% used [0x0ad50000, 0x0bd11000, 0x0bd11000, 0x0c792000)
 Metaspace       used 26955K, committed 27200K, reserved 32768K
}
Event: 9.930 GC heap before
{Heap before GC invocations=31 (full 2):
 def new generation   total 12160K, used 10816K [0x05800000, 0x06530000, 0x0ad50000)
  eden space 10816K, 100% used [0x05800000, 0x06290000, 0x06290000)
  from space 1344K,   0% used [0x06290000, 0x06290000, 0x063e0000)
  to   space 1344K,   0% used [0x063e0000, 0x063e0000, 0x06530000)
 tenured generation   total 26888K, used 16132K [0x0ad50000, 0x0c792000, 0x15800000)
   the space 26888K,  59% used [0x0ad50000, 0x0bd11000, 0x0bd11000, 0x0c792000)
 Metaspace       used 31183K, committed 31424K, reserved 32768K
}
Event: 9.952 GC heap after
{Heap after GC invocations=32 (full 2):
 def new generation   total 12160K, used 1344K [0x05800000, 0x06530000, 0x0ad50000)
  eden space 10816K,   0% used [0x05800000, 0x05800000, 0x06290000)
  from space 1344K, 100% used [0x063e0000, 0x06530000, 0x06530000)
  to   space 1344K,   0% used [0x06290000, 0x06290000, 0x063e0000)
 tenured generation   total 26888K, used 16208K [0x0ad50000, 0x0c792000, 0x15800000)
   the space 26888K,  60% used [0x0ad50000, 0x0bd24288, 0x0bd24400, 0x0c792000)
 Metaspace       used 31183K, committed 31424K, reserved 32768K
}
Event: 10.436 GC heap before
{Heap before GC invocations=32 (full 2):
 def new generation   total 12160K, used 12160K [0x05800000, 0x06530000, 0x0ad50000)
  eden space 10816K, 100% used [0x05800000, 0x06290000, 0x06290000)
  from space 1344K, 100% used [0x063e0000, 0x06530000, 0x06530000)
  to   space 1344K,   0% used [0x06290000, 0x06290000, 0x063e0000)
 tenured generation   total 26888K, used 16208K [0x0ad50000, 0x0c792000, 0x15800000)
   the space 26888K,  60% used [0x0ad50000, 0x0bd24288, 0x0bd24400, 0x0c792000)
 Metaspace       used 32316K, committed 32640K, reserved 32768K
}
Event: 10.444 GC heap after
{Heap after GC invocations=33 (full 2):
 def new generation   total 12160K, used 820K [0x05800000, 0x06530000, 0x0ad50000)
  eden space 10816K,   0% used [0x05800000, 0x05800000, 0x06290000)
  from space 1344K,  61% used [0x06290000, 0x0635d170, 0x063e0000)
  to   space 1344K,   0% used [0x063e0000, 0x063e0000, 0x06530000)
 tenured generation   total 26888K, used 17497K [0x0ad50000, 0x0c792000, 0x15800000)
   the space 26888K,  65% used [0x0ad50000, 0x0be66798, 0x0be66800, 0x0c792000)
 Metaspace       used 32316K, committed 32640K, reserved 32768K
}
Event: 10.884 GC heap before
{Heap before GC invocations=33 (full 2):
 def new generation   total 12160K, used 11636K [0x05800000, 0x06530000, 0x0ad50000)
  eden space 10816K, 100% used [0x05800000, 0x06290000, 0x06290000)
  from space 1344K,  61% used [0x06290000, 0x0635d170, 0x063e0000)
  to   space 1344K,   0% used [0x063e0000, 0x063e0000, 0x06530000)
 tenured generation   total 26888K, used 17497K [0x0ad50000, 0x0c792000, 0x15800000)
   the space 26888K,  65% used [0x0ad50000, 0x0be66798, 0x0be66800, 0x0c792000)
 Metaspace       used 33890K, committed 34176K, reserved 40960K
}
Event: 10.889 GC heap after
{Heap after GC invocations=34 (full 2):
 def new generation   total 12160K, used 513K [0x05800000, 0x06530000, 0x0ad50000)
  eden space 10816K,   0% used [0x05800000, 0x05800000, 0x06290000)
  from space 1344K,  38% used [0x063e0000, 0x06460468, 0x06530000)
  to   space 1344K,   0% used [0x06290000, 0x06290000, 0x063e0000)
 tenured generation   total 26888K, used 18267K [0x0ad50000, 0x0c792000, 0x15800000)
   the space 26888K,  67% used [0x0ad50000, 0x0bf26e90, 0x0bf27000, 0x0c792000)
 Metaspace       used 33890K, committed 34176K, reserved 40960K
}

