# JRE version: OpenJDK Runtime Environment Zulu17.40+19-CA (17.0.6+10) (build 17.0.6+10-LTS)
# Java VM: OpenJDK Client VM Zulu17.40+19-CA (17.0.6+10-LTS, mixed mode, emulated-client, serial gc, windows-x86)
GC Precious Log:
 CPUs: 4 total, 4 available
 Memory: 3962M
 Large Page Support: Disabled
 NUMA Support: Disabled
 Compressed Oops: Disabled
 Heap Min Capacity: 6M
 Heap Initial Capacity: 16M
 Heap Max Capacity: 256M
 Pre-touch: Disabled
Heap:
 def new generation   total 7296K, used 5843K [0x05600000, 0x05de0000, 0x0ab50000)
  eden space 6528K,  89% used [0x05600000, 0x05bb4ff0, 0x05c60000)
  from space 768K,   0% used [0x05c60000, 0x05c60000, 0x05d20000)
  to   space 768K,   0% used [0x05d20000, 0x05d20000, 0x05de0000)
 tenured generation   total 16032K, used 16031K [0x0ab50000, 0x0baf8000, 0x15600000)
   the space 16032K,  99% used [0x0ab50000, 0x0baf7ff8, 0x0baf8000, 0x0baf8000)
 Metaspace       used 29628K, committed 29888K, reserved 32768K
GC Heap History (20 events):
Event: 2.998 GC heap before
{Heap before GC invocations=22 (full 1):
 def new generation   total 7040K, used 6671K [0x05600000, 0x05da0000, 0x0ab50000)
  eden space 6272K, 100% used [0x05600000, 0x05c20000, 0x05c20000)
  from space 768K,  52% used [0x05c20000, 0x05c83ec8, 0x05ce0000)
  to   space 768K,   0% used [0x05ce0000, 0x05ce0000, 0x05da0000)
 tenured generation   total 15520K, used 11324K [0x0ab50000, 0x0ba78000, 0x15600000)
   the space 15520K,  72% used [0x0ab50000, 0x0b65f158, 0x0b65f200, 0x0ba78000)
 Metaspace       used 20404K, committed 20544K, reserved 24576K
}
Event: 3.002 GC heap after
{Heap after GC invocations=23 (full 1):
 def new generation   total 7040K, used 502K [0x05600000, 0x05da0000, 0x0ab50000)
  eden space 6272K,   0% used [0x05600000, 0x05600000, 0x05c20000)
  from space 768K,  65% used [0x05ce0000, 0x05d5da50, 0x05da0000)
  to   space 768K,   0% used [0x05c20000, 0x05c20000, 0x05ce0000)
 tenured generation   total 15520K, used 11713K [0x0ab50000, 0x0ba78000, 0x15600000)
   the space 15520K,  75% used [0x0ab50000, 0x0b6c05a0, 0x0b6c0600, 0x0ba78000)
 Metaspace       used 20404K, committed 20544K, reserved 24576K
}
Event: 3.161 GC heap before
{Heap before GC invocations=23 (full 1):
 def new generation   total 7040K, used 6774K [0x05600000, 0x05da0000, 0x0ab50000)
  eden space 6272K, 100% used [0x05600000, 0x05c20000, 0x05c20000)
  from space 768K,  65% used [0x05ce0000, 0x05d5da50, 0x05da0000)
  to   space 768K,   0% used [0x05c20000, 0x05c20000, 0x05ce0000)
 tenured generation   total 15520K, used 11713K [0x0ab50000, 0x0ba78000, 0x15600000)
   the space 15520K,  75% used [0x0ab50000, 0x0b6c05a0, 0x0b6c0600, 0x0ba78000)
 Metaspace       used 21207K, committed 21440K, reserved 24576K
}
Event: 3.166 GC heap after
{Heap after GC invocations=24 (full 1):
 def new generation   total 7040K, used 577K [0x05600000, 0x05da0000, 0x0ab50000)
  eden space 6272K,   0% used [0x05600000, 0x05600000, 0x05c20000)
  from space 768K,  75% used [0x05c20000, 0x05cb0650, 0x05ce0000)
  to   space 768K,   0% used [0x05ce0000, 0x05ce0000, 0x05da0000)
 tenured generation   total 15520K, used 12167K [0x0ab50000, 0x0ba78000, 0x15600000)
   the space 15520K,  78% used [0x0ab50000, 0x0b731cd0, 0x0b731e00, 0x0ba78000)
 Metaspace       used 21207K, committed 21440K, reserved 24576K
}
Event: 3.351 GC heap before
{Heap before GC invocations=24 (full 1):
 def new generation   total 7040K, used 6849K [0x05600000, 0x05da0000, 0x0ab50000)
  eden space 6272K, 100% used [0x05600000, 0x05c20000, 0x05c20000)
  from space 768K,  75% used [0x05c20000, 0x05cb0650, 0x05ce0000)
  to   space 768K,   0% used [0x05ce0000, 0x05ce0000, 0x05da0000)
 tenured generation   total 15520K, used 12167K [0x0ab50000, 0x0ba78000, 0x15600000)
   the space 15520K,  78% used [0x0ab50000, 0x0b731cd0, 0x0b731e00, 0x0ba78000)
 Metaspace       used 22099K, committed 22336K, reserved 24576K
}
Event: 3.356 GC heap after
{Heap after GC invocations=25 (full 1):
 def new generation   total 7040K, used 678K [0x05600000, 0x05da0000, 0x0ab50000)
  eden space 6272K,   0% used [0x05600000, 0x05600000, 0x05c20000)
  from space 768K,  88% used [0x05ce0000, 0x05d899c0, 0x05da0000)
  to   space 768K,   0% used [0x05c20000, 0x05c20000, 0x05ce0000)
 tenured generation   total 15520K, used 12729K [0x0ab50000, 0x0ba78000, 0x15600000)
   the space 15520K,  82% used [0x0ab50000, 0x0b7be418, 0x0b7be600, 0x0ba78000)
 Metaspace       used 22099K, committed 22336K, reserved 24576K
}
Event: 3.504 GC heap before
{Heap before GC invocations=25 (full 1):
 def new generation   total 7040K, used 6950K [0x05600000, 0x05da0000, 0x0ab50000)
  eden space 6272K, 100% used [0x05600000, 0x05c20000, 0x05c20000)
  from space 768K,  88% used [0x05ce0000, 0x05d899c0, 0x05da0000)
  to   space 768K,   0% used [0x05c20000, 0x05c20000, 0x05ce0000)
 tenured generation   total 15520K, used 12729K [0x0ab50000, 0x0ba78000, 0x15600000)
   the space 15520K,  82% used [0x0ab50000, 0x0b7be418, 0x0b7be600, 0x0ba78000)
 Metaspace       used 22741K, committed 22976K, reserved 24576K
}
Event: 3.510 GC heap after
{Heap after GC invocations=26 (full 1):
 def new generation   total 7040K, used 645K [0x05600000, 0x05da0000, 0x0ab50000)
  eden space 6272K,   0% used [0x05600000, 0x05600000, 0x05c20000)
  from space 768K,  84% used [0x05c20000, 0x05cc1510, 0x05ce0000)
  to   space 768K,   0% used [0x05ce0000, 0x05ce0000, 0x05da0000)
 tenured generation   total 15520K, used 13368K [0x0ab50000, 0x0ba78000, 0x15600000)
   the space 15520K,  86% used [0x0ab50000, 0x0b85e330, 0x0b85e400, 0x0ba78000)
 Metaspace       used 22741K, committed 22976K, reserved 24576K
}
Event: 3.762 GC heap before
{Heap before GC invocations=26 (full 1):
 def new generation   total 7040K, used 6917K [0x05600000, 0x05da0000, 0x0ab50000)
  eden space 6272K, 100% used [0x05600000, 0x05c20000, 0x05c20000)
  from space 768K,  84% used [0x05c20000, 0x05cc1510, 0x05ce0000)
  to   space 768K,   0% used [0x05ce0000, 0x05ce0000, 0x05da0000)
 tenured generation   total 15520K, used 13368K [0x0ab50000, 0x0ba78000, 0x15600000)
   the space 15520K,  86% used [0x0ab50000, 0x0b85e330, 0x0b85e400, 0x0ba78000)
 Metaspace       used 24030K, committed 24256K, reserved 32768K
}
Event: 3.767 GC heap after
{Heap after GC invocations=27 (full 1):
 def new generation   total 7040K, used 720K [0x05600000, 0x05da0000, 0x0ab50000)
  eden space 6272K,   0% used [0x05600000, 0x05600000, 0x05c20000)
  from space 768K,  93% used [0x05ce0000, 0x05d940c8, 0x05da0000)
  to   space 768K,   0% used [0x05c20000, 0x05c20000, 0x05ce0000)
 tenured generation   total 15520K, used 13983K [0x0ab50000, 0x0ba78000, 0x15600000)
   the space 15520K,  90% used [0x0ab50000, 0x0b8f7ef0, 0x0b8f8000, 0x0ba78000)
 Metaspace       used 24030K, committed 24256K, reserved 32768K
}
Event: 3.902 GC heap before
{Heap before GC invocations=27 (full 1):
 def new generation   total 7040K, used 6992K [0x05600000, 0x05da0000, 0x0ab50000)
  eden space 6272K, 100% used [0x05600000, 0x05c20000, 0x05c20000)
  from space 768K,  93% used [0x05ce0000, 0x05d940c8, 0x05da0000)
  to   space 768K,   0% used [0x05c20000, 0x05c20000, 0x05ce0000)
 tenured generation   total 15520K, used 13983K [0x0ab50000, 0x0ba78000, 0x15600000)
   the space 15520K,  90% used [0x0ab50000, 0x0b8f7ef0, 0x0b8f8000, 0x0ba78000)
 Metaspace       used 24755K, committed 25024K, reserved 32768K
}
Event: 3.908 GC heap after
{Heap after GC invocations=28 (full 1):
 def new generation   total 7040K, used 768K [0x05600000, 0x05da0000, 0x0ab50000)
  eden space 6272K,   0% used [0x05600000, 0x05600000, 0x05c20000)
  from space 768K, 100% used [0x05c20000, 0x05ce0000, 0x05ce0000)
  to   space 768K,   0% used [0x05ce0000, 0x05ce0000, 0x05da0000)
 tenured generation   total 15520K, used 14751K [0x0ab50000, 0x0ba78000, 0x15600000)
   the space 15520K,  95% used [0x0ab50000, 0x0b9b7db8, 0x0b9b7e00, 0x0ba78000)
 Metaspace       used 24755K, committed 25024K, reserved 32768K
}
Event: 4.061 GC heap before
{Heap before GC invocations=28 (full 1):
 def new generation   total 7040K, used 7040K [0x05600000, 0x05da0000, 0x0ab50000)
  eden space 6272K, 100% used [0x05600000, 0x05c20000, 0x05c20000)
  from space 768K, 100% used [0x05c20000, 0x05ce0000, 0x05ce0000)
  to   space 768K,   0% used [0x05ce0000, 0x05ce0000, 0x05da0000)
 tenured generation   total 15520K, used 14751K [0x0ab50000, 0x0ba78000, 0x15600000)
   the space 15520K,  95% used [0x0ab50000, 0x0b9b7db8, 0x0b9b7e00, 0x0ba78000)
 Metaspace       used 25312K, committed 25600K, reserved 32768K
}
Event: 4.067 GC heap after
{Heap after GC invocations=29 (full 1):
 def new generation   total 7040K, used 366K [0x05600000, 0x05da0000, 0x0ab50000)
  eden space 6272K,   0% used [0x05600000, 0x05600000, 0x05c20000)
  from space 768K,  47% used [0x05ce0000, 0x05d3b860, 0x05da0000)
  to   space 768K,   0% used [0x05c20000, 0x05c20000, 0x05ce0000)
 tenured generation   total 15520K, used 15498K [0x0ab50000, 0x0ba78000, 0x15600000)
   the space 15520K,  99% used [0x0ab50000, 0x0ba72838, 0x0ba72a00, 0x0ba78000)
 Metaspace       used 25312K, committed 25600K, reserved 32768K
}
Event: 4.170 GC heap before
{Heap before GC invocations=29 (full 1):
 def new generation   total 7040K, used 6638K [0x05600000, 0x05da0000, 0x0ab50000)
  eden space 6272K, 100% used [0x05600000, 0x05c20000, 0x05c20000)
  from space 768K,  47% used [0x05ce0000, 0x05d3b860, 0x05da0000)
  to   space 768K,   0% used [0x05c20000, 0x05c20000, 0x05ce0000)
 tenured generation   total 15520K, used 15498K [0x0ab50000, 0x0ba78000, 0x15600000)
   the space 15520K,  99% used [0x0ab50000, 0x0ba72838, 0x0ba72a00, 0x0ba78000)
 Metaspace       used 25767K, committed 25984K, reserved 32768K
}
Event: 4.173 GC heap after
{Heap after GC invocations=30 (full 1):
 def new generation   total 7040K, used 574K [0x05600000, 0x05da0000, 0x0ab50000)
  eden space 6272K,   0% used [0x05600000, 0x05600000, 0x05c20000)
  from space 768K,  74% used [0x05c20000, 0x05cafa88, 0x05ce0000)
  to   space 768K,   0% used [0x05ce0000, 0x05ce0000, 0x05da0000)
 tenured generation   total 15520K, used 15498K [0x0ab50000, 0x0ba78000, 0x15600000)
   the space 15520K,  99% used [0x0ab50000, 0x0ba72838, 0x0ba72a00, 0x0ba78000)
 Metaspace       used 25767K, committed 25984K, reserved 32768K
}
Event: 4.327 GC heap before
{Heap before GC invocations=30 (full 1):
 def new generation   total 7040K, used 6846K [0x05600000, 0x05da0000, 0x0ab50000)
  eden space 6272K, 100% used [0x05600000, 0x05c20000, 0x05c20000)
  from space 768K,  74% used [0x05c20000, 0x05cafa88, 0x05ce0000)
  to   space 768K,   0% used [0x05ce0000, 0x05ce0000, 0x05da0000)
 tenured generation   total 15520K, used 15498K [0x0ab50000, 0x0ba78000, 0x15600000)
   the space 15520K,  99% used [0x0ab50000, 0x0ba72838, 0x0ba72a00, 0x0ba78000)
 Metaspace       used 26860K, committed 27136K, reserved 32768K
}
Event: 4.332 GC heap after
{Heap after GC invocations=31 (full 1):
 def new generation   total 7040K, used 768K [0x05600000, 0x05da0000, 0x0ab50000)
  eden space 6272K,   0% used [0x05600000, 0x05600000, 0x05c20000)
  from space 768K, 100% used [0x05ce0000, 0x05da0000, 0x05da0000)
  to   space 768K,   0% used [0x05c20000, 0x05c20000, 0x05ce0000)
 tenured generation   total 16032K, used 15987K [0x0ab50000, 0x0baf8000, 0x15600000)
   the space 16032K,  99% used [0x0ab50000, 0x0baecd58, 0x0baece00, 0x0baf8000)
 Metaspace       used 26860K, committed 27136K, reserved 32768K
}
Event: 4.332 GC heap before
{Heap before GC invocations=31 (full 1):
 def new generation   total 7040K, used 768K [0x05600000, 0x05da0000, 0x0ab50000)
  eden space 6272K,   0% used [0x05600000, 0x05600000, 0x05c20000)
  from space 768K, 100% used [0x05ce0000, 0x05da0000, 0x05da0000)
  to   space 768K,   0% used [0x05c20000, 0x05c20000, 0x05ce0000)
 tenured generation   total 16032K, used 15987K [0x0ab50000, 0x0baf8000, 0x15600000)
   the space 16032K,  99% used [0x0ab50000, 0x0baecd58, 0x0baece00, 0x0baf8000)
 Metaspace       used 26860K, committed 27136K, reserved 32768K
}
Event: 4.377 GC heap after
{Heap after GC invocations=31 (full 2):
 def new generation   total 7296K, used 535K [0x05600000, 0x05de0000, 0x0ab50000)
  eden space 6528K,   8% used [0x05600000, 0x05685f90, 0x05c60000)
  from space 768K,   0% used [0x05c60000, 0x05c60000, 0x05d20000)
  to   space 768K,   0% used [0x05d20000, 0x05d20000, 0x05de0000)
 tenured generation   total 16032K, used 16031K [0x0ab50000, 0x0baf8000, 0x15600000)
   the space 16032K,  99% used [0x0ab50000, 0x0baf7ff8, 0x0baf8000, 0x0baf8000)
 Metaspace       used 26860K, committed 27136K, reserved 32768K
}

